<?xml version="1.0" encoding="UTF-8"?>
<testsuite xmlns:xsi="http://www.w3.org/2001/XMLSchema-instance" xsi:noNamespaceSchemaLocation="https://maven.apache.org/surefire/maven-surefire-plugin/xsd/surefire-test-report.xsd" name="conduit.ExamplesTest" time="4.123" tests="3" errors="0" skipped="0" failures="0">
  <properties>
[...]
</properties>
  <testcase name="testAll[1][1]" classname="conduit.ExamplesTest" time="1.671"/>
  <testcase name="testAll[2][1]" classname="conduit.ExamplesTest" time="1.222"/>
  <testcase name="testAll[2][2]" classname="conduit.ExamplesTest" time="0.667"/>
</testsuite>